<?xml version="1.0" encoding="UTF-8"?>
<!-- Generated by org.testng.reporters.JUnitXMLReporter -->
<testsuite ignored="0" hostname="MindSDET699" failures="0" tests="10" name="Default test" time="132.195" errors="0" timestamp="2022-01-19T11:31:06 GMT+05:30">
  <testcase classname="TestCases.Hybridframework" name="TestCase1" time="0.544"/>
  <testcase classname="TestCases.Hybridframework" name="TestCase2" time="1.34"/>
  <testcase classname="TestCases.Hybridframework" name="TestCase3" time="0.741"/>
  <testcase classname="TestCases.Hybridframework" name="TestCase4" time="2.258"/>
  <testcase classname="TestCases.Hybridframework" name="TestCase5" time="2.407"/>
  <testcase classname="TestCases.Hybridframework" name="Testcase6" time="11.298"/>
  <testcase classname="TestCases.Hybridframework" name="test7" time="0.397"/>
  <testcase classname="TestCases.Hybridframework" name="test8" time="18.246"/>
  <testcase classname="TestCases.Hybridframework" name="test9" time="20.715"/>
  <testcase classname="TestCases.Hybridframework" name="test10" time="8.245"/>
</testsuite> <!-- Default test -->
