<?xml version="1.0" encoding="UTF-8"?>
<testng-results ignored="0" total="10" passed="10" failed="0" skipped="0">
  <reporter-output>
  </reporter-output>
  <suite started-at="2022-01-19T11:28:54 GMT+05:30" name="Default suite" finished-at="2022-01-19T11:31:06 GMT+05:30" duration-ms="132195">
    <groups>
    </groups>
    <test started-at="2022-01-19T11:28:54 GMT+05:30" name="Default test" finished-at="2022-01-19T11:31:06 GMT+05:30" duration-ms="132195">
      <class name="TestCases.Hybridframework">
        <test-method is-config="true" signature="Before()[pri:0, instance:TestCases.Hybridframework@31ff43be]" started-at="2022-01-19T11:28:54 GMT+05:30" name="Before" finished-at="2022-01-19T11:29:02 GMT+05:30" duration-ms="7623" status="PASS">
          <reporter-output>
          </reporter-output>
        </test-method> <!-- Before -->
        <test-method signature="TestCase1()[pri:1, instance:TestCases.Hybridframework@31ff43be]" started-at="2022-01-19T11:29:02 GMT+05:30" name="TestCase1" finished-at="2022-01-19T11:29:02 GMT+05:30" duration-ms="544" status="PASS">
          <reporter-output>
          </reporter-output>
        </test-method> <!-- TestCase1 -->
        <test-method is-config="true" signature="After()[pri:0, instance:TestCases.Hybridframework@31ff43be]" started-at="2022-01-19T11:29:02 GMT+05:30" name="After" finished-at="2022-01-19T11:29:03 GMT+05:30" duration-ms="747" status="PASS">
          <reporter-output>
          </reporter-output>
        </test-method> <!-- After -->
        <test-method is-config="true" signature="Before()[pri:0, instance:TestCases.Hybridframework@31ff43be]" started-at="2022-01-19T11:29:03 GMT+05:30" name="Before" finished-at="2022-01-19T11:29:09 GMT+05:30" duration-ms="5460" status="PASS">
          <reporter-output>
          </reporter-output>
        </test-method> <!-- Before -->
        <test-method signature="TestCase2()[pri:2, instance:TestCases.Hybridframework@31ff43be]" started-at="2022-01-19T11:29:09 GMT+05:30" name="TestCase2" finished-at="2022-01-19T11:29:10 GMT+05:30" duration-ms="1340" status="PASS">
          <reporter-output>
          </reporter-output>
        </test-method> <!-- TestCase2 -->
        <test-method is-config="true" signature="After()[pri:0, instance:TestCases.Hybridframework@31ff43be]" started-at="2022-01-19T11:29:10 GMT+05:30" name="After" finished-at="2022-01-19T11:29:11 GMT+05:30" duration-ms="1246" status="PASS">
          <reporter-output>
          </reporter-output>
        </test-method> <!-- After -->
        <test-method is-config="true" signature="Before()[pri:0, instance:TestCases.Hybridframework@31ff43be]" started-at="2022-01-19T11:29:11 GMT+05:30" name="Before" finished-at="2022-01-19T11:29:16 GMT+05:30" duration-ms="5314" status="PASS">
          <reporter-output>
          </reporter-output>
        </test-method> <!-- Before -->
        <test-method signature="TestCase3()[pri:3, instance:TestCases.Hybridframework@31ff43be]" started-at="2022-01-19T11:29:16 GMT+05:30" name="TestCase3" finished-at="2022-01-19T11:29:17 GMT+05:30" duration-ms="741" status="PASS">
          <reporter-output>
          </reporter-output>
        </test-method> <!-- TestCase3 -->
        <test-method is-config="true" signature="After()[pri:0, instance:TestCases.Hybridframework@31ff43be]" started-at="2022-01-19T11:29:17 GMT+05:30" name="After" finished-at="2022-01-19T11:29:18 GMT+05:30" duration-ms="737" status="PASS">
          <reporter-output>
          </reporter-output>
        </test-method> <!-- After -->
        <test-method is-config="true" signature="Before()[pri:0, instance:TestCases.Hybridframework@31ff43be]" started-at="2022-01-19T11:29:18 GMT+05:30" name="Before" finished-at="2022-01-19T11:29:23 GMT+05:30" duration-ms="5298" status="PASS">
          <reporter-output>
          </reporter-output>
        </test-method> <!-- Before -->
        <test-method signature="TestCase4()[pri:4, instance:TestCases.Hybridframework@31ff43be]" started-at="2022-01-19T11:29:23 GMT+05:30" name="TestCase4" finished-at="2022-01-19T11:29:25 GMT+05:30" duration-ms="2258" status="PASS">
          <reporter-output>
          </reporter-output>
        </test-method> <!-- TestCase4 -->
        <test-method is-config="true" signature="After()[pri:0, instance:TestCases.Hybridframework@31ff43be]" started-at="2022-01-19T11:29:25 GMT+05:30" name="After" finished-at="2022-01-19T11:29:26 GMT+05:30" duration-ms="759" status="PASS">
          <reporter-output>
          </reporter-output>
        </test-method> <!-- After -->
        <test-method is-config="true" signature="Before()[pri:0, instance:TestCases.Hybridframework@31ff43be]" started-at="2022-01-19T11:29:26 GMT+05:30" name="Before" finished-at="2022-01-19T11:29:32 GMT+05:30" duration-ms="5398" status="PASS">
          <reporter-output>
          </reporter-output>
        </test-method> <!-- Before -->
        <test-method signature="TestCase5()[pri:5, instance:TestCases.Hybridframework@31ff43be]" started-at="2022-01-19T11:29:32 GMT+05:30" name="TestCase5" finished-at="2022-01-19T11:29:34 GMT+05:30" duration-ms="2407" status="PASS">
          <reporter-output>
          </reporter-output>
        </test-method> <!-- TestCase5 -->
        <test-method is-config="true" signature="After()[pri:0, instance:TestCases.Hybridframework@31ff43be]" started-at="2022-01-19T11:29:34 GMT+05:30" name="After" finished-at="2022-01-19T11:29:35 GMT+05:30" duration-ms="722" status="PASS">
          <reporter-output>
          </reporter-output>
        </test-method> <!-- After -->
        <test-method is-config="true" signature="Before()[pri:0, instance:TestCases.Hybridframework@31ff43be]" started-at="2022-01-19T11:29:35 GMT+05:30" name="Before" finished-at="2022-01-19T11:29:40 GMT+05:30" duration-ms="5249" status="PASS">
          <reporter-output>
          </reporter-output>
        </test-method> <!-- Before -->
        <test-method signature="Testcase6()[pri:6, instance:TestCases.Hybridframework@31ff43be]" started-at="2022-01-19T11:29:40 GMT+05:30" name="Testcase6" finished-at="2022-01-19T11:29:51 GMT+05:30" duration-ms="11298" status="PASS">
          <reporter-output>
          </reporter-output>
        </test-method> <!-- Testcase6 -->
        <test-method is-config="true" signature="After()[pri:0, instance:TestCases.Hybridframework@31ff43be]" started-at="2022-01-19T11:29:51 GMT+05:30" name="After" finished-at="2022-01-19T11:29:52 GMT+05:30" duration-ms="905" status="PASS">
          <reporter-output>
          </reporter-output>
        </test-method> <!-- After -->
        <test-method is-config="true" signature="Before()[pri:0, instance:TestCases.Hybridframework@31ff43be]" started-at="2022-01-19T11:29:52 GMT+05:30" name="Before" finished-at="2022-01-19T11:29:58 GMT+05:30" duration-ms="5596" status="PASS">
          <reporter-output>
          </reporter-output>
        </test-method> <!-- Before -->
        <test-method signature="test7()[pri:7, instance:TestCases.Hybridframework@31ff43be]" started-at="2022-01-19T11:29:58 GMT+05:30" name="test7" finished-at="2022-01-19T11:29:58 GMT+05:30" duration-ms="397" status="PASS">
          <reporter-output>
          </reporter-output>
        </test-method> <!-- test7 -->
        <test-method is-config="true" signature="After()[pri:0, instance:TestCases.Hybridframework@31ff43be]" started-at="2022-01-19T11:29:58 GMT+05:30" name="After" finished-at="2022-01-19T11:29:59 GMT+05:30" duration-ms="754" status="PASS">
          <reporter-output>
          </reporter-output>
        </test-method> <!-- After -->
        <test-method is-config="true" signature="Before()[pri:0, instance:TestCases.Hybridframework@31ff43be]" started-at="2022-01-19T11:29:59 GMT+05:30" name="Before" finished-at="2022-01-19T11:30:05 GMT+05:30" duration-ms="6449" status="PASS">
          <reporter-output>
          </reporter-output>
        </test-method> <!-- Before -->
        <test-method signature="test8()[pri:8, instance:TestCases.Hybridframework@31ff43be]" started-at="2022-01-19T11:30:05 GMT+05:30" name="test8" finished-at="2022-01-19T11:30:24 GMT+05:30" duration-ms="18246" status="PASS">
          <reporter-output>
          </reporter-output>
        </test-method> <!-- test8 -->
        <test-method is-config="true" signature="After()[pri:0, instance:TestCases.Hybridframework@31ff43be]" started-at="2022-01-19T11:30:24 GMT+05:30" name="After" finished-at="2022-01-19T11:30:24 GMT+05:30" duration-ms="755" status="PASS">
          <reporter-output>
          </reporter-output>
        </test-method> <!-- After -->
        <test-method is-config="true" signature="Before()[pri:0, instance:TestCases.Hybridframework@31ff43be]" started-at="2022-01-19T11:30:24 GMT+05:30" name="Before" finished-at="2022-01-19T11:30:30 GMT+05:30" duration-ms="5330" status="PASS">
          <reporter-output>
          </reporter-output>
        </test-method> <!-- Before -->
        <test-method signature="test9()[pri:9, instance:TestCases.Hybridframework@31ff43be]" started-at="2022-01-19T11:30:30 GMT+05:30" name="test9" finished-at="2022-01-19T11:30:50 GMT+05:30" duration-ms="20715" status="PASS">
          <reporter-output>
          </reporter-output>
        </test-method> <!-- test9 -->
        <test-method is-config="true" signature="After()[pri:0, instance:TestCases.Hybridframework@31ff43be]" started-at="2022-01-19T11:30:50 GMT+05:30" name="After" finished-at="2022-01-19T11:30:51 GMT+05:30" duration-ms="740" status="PASS">
          <reporter-output>
          </reporter-output>
        </test-method> <!-- After -->
        <test-method is-config="true" signature="Before()[pri:0, instance:TestCases.Hybridframework@31ff43be]" started-at="2022-01-19T11:30:51 GMT+05:30" name="Before" finished-at="2022-01-19T11:30:57 GMT+05:30" duration-ms="5561" status="PASS">
          <reporter-output>
          </reporter-output>
        </test-method> <!-- Before -->
        <test-method signature="test10()[pri:10, instance:TestCases.Hybridframework@31ff43be]" started-at="2022-01-19T11:30:57 GMT+05:30" name="test10" finished-at="2022-01-19T11:31:05 GMT+05:30" duration-ms="8245" status="PASS">
          <reporter-output>
          </reporter-output>
        </test-method> <!-- test10 -->
        <test-method is-config="true" signature="After()[pri:0, instance:TestCases.Hybridframework@31ff43be]" started-at="2022-01-19T11:31:05 GMT+05:30" name="After" finished-at="2022-01-19T11:31:06 GMT+05:30" duration-ms="1213" status="PASS">
          <reporter-output>
          </reporter-output>
        </test-method> <!-- After -->
        <test-method is-config="true" signature="flush()[pri:0, instance:TestCases.Hybridframework@31ff43be]" started-at="2022-01-19T11:31:06 GMT+05:30" name="flush" finished-at="2022-01-19T11:31:06 GMT+05:30" duration-ms="48" status="PASS">
          <reporter-output>
          </reporter-output>
        </test-method> <!-- flush -->
      </class> <!-- TestCases.Hybridframework -->
    </test> <!-- Default test -->
  </suite> <!-- Default suite -->
</testng-results>
